TN:
SF:src\requestHandler.ts
FN:11,setupRequestHandlers
FN:13,(anonymous_1)
FN:20,(anonymous_2)
FN:29,(anonymous_3)
FN:61,(anonymous_4)
FN:66,(anonymous_5)
FNF:6
FNH:0
FNDA:0,setupRequestHandlers
FNDA:0,(anonymous_1)
FNDA:0,(anonymous_2)
FNDA:0,(anonymous_3)
FNDA:0,(anonymous_4)
FNDA:0,(anonymous_5)
DA:13,0
DA:20,0
DA:29,0
DA:30,0
DA:32,0
DA:33,0
DA:34,0
DA:43,0
DA:44,0
DA:45,0
DA:46,0
DA:47,0
DA:57,0
DA:61,0
DA:66,0
DA:67,0
LF:16
LH:0
BRDA:32,0,0,0
BRDA:43,1,0,0
BRDA:46,2,0,0
BRDA:67,3,0,0
BRDA:67,3,1,0
BRF:5
BRH:0
end_of_record
TN:
SF:src\toolHandler.ts
FN:57,resetBrowserState
FN:66,setGlobalPage
FN:115,registerConsoleMessage
FN:116,(anonymous_3)
FN:132,(anonymous_4)
FN:141,(anonymous_5)
FN:142,(anonymous_6)
FN:158,ensureBrowser
FN:164,(anonymous_8)
FN:179,(anonymous_9)
FN:213,(anonymous_10)
FN:251,(anonymous_11)
FN:280,(anonymous_12)
FN:306,ensureApiContext
FN:315,initializeTools
FN:354,handleToolCall
FN:387,(anonymous_16)
FN:415,(anonymous_17)
FN:600,handleCodegenResult
FN:624,getConsoleLogs
FN:631,getScreenshots
FNF:21
FNH:11
FNDA:7,resetBrowserState
FNDA:1,setGlobalPage
FNDA:6,registerConsoleMessage
FNDA:3,(anonymous_3)
FNDA:1,(anonymous_4)
FNDA:0,(anonymous_5)
FNDA:0,(anonymous_6)
FNDA:17,ensureBrowser
FNDA:0,(anonymous_8)
FNDA:0,(anonymous_9)
FNDA:0,(anonymous_10)
FNDA:0,(anonymous_11)
FNDA:0,(anonymous_12)
FNDA:3,ensureApiContext
FNDA:24,initializeTools
FNDA:24,handleToolCall
FNDA:0,(anonymous_16)
FNDA:0,(anonymous_17)
FNDA:0,handleCodegenResult
FNDA:5,getConsoleLogs
FNDA:1,getScreenshots
DA:2,7
DA:4,7
DA:6,7
DA:7,7
DA:13,7
DA:22,7
DA:32,7
DA:36,7
DA:43,7
DA:44,7
DA:45,7
DA:46,7
DA:51,7
DA:57,7
DA:58,7
DA:59,7
DA:60,7
DA:66,7
DA:67,1
DA:68,1
DA:69,1
DA:116,6
DA:117,3
DA:118,3
DA:119,3
DA:122,3
DA:123,1
DA:124,1
DA:126,2
DA:132,6
DA:133,1
DA:134,1
DA:135,1
DA:136,1
DA:141,6
DA:142,0
DA:143,0
DA:144,0
DA:148,0
DA:150,0
DA:158,7
DA:159,17
DA:161,17
DA:162,0
DA:163,0
DA:164,0
DA:169,0
DA:173,17
DA:174,4
DA:177,4
DA:178,0
DA:179,0
DA:183,0
DA:186,4
DA:190,4
DA:192,0
DA:193,0
DA:195,1
DA:196,1
DA:199,3
DA:200,3
DA:203,4
DA:205,4
DA:210,4
DA:213,4
DA:214,0
DA:215,0
DA:216,0
DA:219,4
DA:228,4
DA:231,4
DA:235,17
DA:236,0
DA:238,0
DA:239,0
DA:242,0
DA:245,17
DA:247,0
DA:249,0
DA:250,0
DA:251,0
DA:257,0
DA:260,0
DA:264,0
DA:266,0
DA:267,0
DA:269,0
DA:270,0
DA:273,0
DA:274,0
DA:277,0
DA:278,0
DA:280,0
DA:281,0
DA:282,0
DA:283,0
DA:286,0
DA:295,0
DA:297,0
DA:299,0
DA:307,3
DA:317,24
DA:318,24
DA:319,24
DA:320,24
DA:321,24
DA:322,24
DA:323,24
DA:324,24
DA:325,24
DA:326,24
DA:327,24
DA:328,24
DA:329,24
DA:330,24
DA:331,24
DA:332,24
DA:333,24
DA:336,24
DA:337,24
DA:338,24
DA:339,24
DA:340,24
DA:343,24
DA:344,24
DA:345,24
DA:346,24
DA:347,24
DA:348,24
DA:354,7
DA:360,24
DA:362,24
DA:364,24
DA:366,0
DA:368,0
DA:370,0
DA:372,0
DA:376,24
DA:377,24
DA:378,24
DA:379,0
DA:383,24
DA:384,3
DA:385,3
DA:386,3
DA:387,3
DA:390,0
DA:392,3
DA:394,3
DA:402,0
DA:412,21
DA:413,0
DA:414,0
DA:415,0
DA:419,0
DA:423,21
DA:428,21
DA:429,17
DA:439,17
DA:440,17
DA:441,17
DA:443,0
DA:444,0
DA:455,21
DA:456,3
DA:457,3
DA:459,0
DA:470,21
DA:473,10
DA:476,1
DA:479,0
DA:482,0
DA:485,1
DA:488,0
DA:491,0
DA:494,0
DA:497,0
DA:500,0
DA:503,0
DA:506,0
DA:509,0
DA:512,0
DA:515,0
DA:518,0
DA:521,0
DA:525,2
DA:528,1
DA:531,0
DA:534,0
DA:537,0
DA:541,1
DA:543,1
DA:545,1
DA:547,1
DA:549,1
DA:551,0
DA:554,1
DA:563,0
DA:566,0
DA:567,0
DA:568,0
DA:576,0
DA:577,0
DA:587,0
DA:601,0
DA:602,0
DA:603,0
DA:611,0
DA:624,7
DA:625,5
DA:631,7
DA:632,1
DA:635,7
LF:213
LH:126
BRDA:117,0,0,3
BRDA:122,1,0,1
BRDA:122,1,1,2
BRDA:133,2,0,1
BRDA:135,3,0,1
BRDA:135,3,1,0
BRDA:144,4,0,0
BRDA:144,4,1,0
BRDA:144,5,0,0
BRDA:144,5,1,0
BRDA:145,6,0,0
BRDA:145,6,1,0
BRDA:148,7,0,0
BRDA:148,7,1,0
BRDA:161,8,0,0
BRDA:161,9,0,17
BRDA:161,9,1,13
BRDA:173,10,0,4
BRDA:174,11,0,4
BRDA:174,12,0,0
BRDA:174,13,0,4
BRDA:174,13,1,0
BRDA:177,14,0,0
BRDA:177,15,0,4
BRDA:177,15,1,0
BRDA:190,16,0,0
BRDA:190,16,1,1
BRDA:190,16,2,3
BRDA:190,16,3,3
BRDA:220,17,0,4
BRDA:220,17,1,0
BRDA:222,18,0,4
BRDA:222,18,1,4
BRDA:223,19,0,4
BRDA:223,19,1,4
BRDA:235,20,0,0
BRDA:235,21,0,17
BRDA:235,21,1,17
BRDA:238,22,0,0
BRDA:238,22,1,0
BRDA:250,23,0,0
BRDA:260,24,0,0
BRDA:260,25,0,0
BRDA:260,26,0,0
BRDA:260,26,1,0
BRDA:264,27,0,0
BRDA:264,27,1,0
BRDA:264,27,2,0
BRDA:264,27,3,0
BRDA:287,28,0,0
BRDA:287,28,1,0
BRDA:289,29,0,0
BRDA:289,29,1,0
BRDA:290,30,0,0
BRDA:290,30,1,0
BRDA:317,31,0,1
BRDA:318,32,0,1
BRDA:319,33,0,1
BRDA:320,34,0,1
BRDA:321,35,0,1
BRDA:322,36,0,1
BRDA:323,37,0,1
BRDA:324,38,0,1
BRDA:325,39,0,1
BRDA:326,40,0,1
BRDA:327,41,0,1
BRDA:328,42,0,1
BRDA:329,43,0,1
BRDA:330,44,0,1
BRDA:331,45,0,1
BRDA:332,46,0,1
BRDA:333,47,0,1
BRDA:336,48,0,1
BRDA:337,49,0,1
BRDA:338,50,0,1
BRDA:339,51,0,1
BRDA:340,52,0,1
BRDA:343,53,0,1
BRDA:344,54,0,1
BRDA:345,55,0,1
BRDA:346,56,0,1
BRDA:347,57,0,1
BRDA:348,58,0,1
BRDA:364,59,0,0
BRDA:364,59,1,0
BRDA:364,59,2,0
BRDA:364,59,3,0
BRDA:378,60,0,0
BRDA:378,61,0,24
BRDA:378,61,1,0
BRDA:383,62,0,3
BRDA:384,63,0,3
BRDA:386,64,0,3
BRDA:412,65,0,0
BRDA:412,66,0,21
BRDA:412,66,1,14
BRDA:412,66,2,0
BRDA:428,67,0,17
BRDA:434,68,0,0
BRDA:434,68,1,17
BRDA:436,69,0,17
BRDA:436,69,1,13
BRDA:455,70,0,3
BRDA:470,71,0,10
BRDA:470,71,1,1
BRDA:470,71,2,0
BRDA:470,71,3,0
BRDA:470,71,4,1
BRDA:470,71,5,0
BRDA:470,71,6,0
BRDA:470,71,7,0
BRDA:470,71,8,0
BRDA:470,71,9,0
BRDA:470,71,10,0
BRDA:470,71,11,0
BRDA:470,71,12,0
BRDA:470,71,13,0
BRDA:470,71,14,0
BRDA:470,71,15,0
BRDA:470,71,16,0
BRDA:470,71,17,2
BRDA:470,71,18,1
BRDA:470,71,19,0
BRDA:470,71,20,0
BRDA:470,71,21,0
BRDA:470,71,22,1
BRDA:470,71,23,1
BRDA:470,71,24,1
BRDA:470,71,25,1
BRDA:470,71,26,1
BRDA:470,71,27,0
BRDA:470,71,28,1
BRDA:566,72,0,0
BRDA:568,73,0,0
BRDA:569,74,0,0
BRDA:569,74,1,0
BRDA:569,74,2,0
BRDA:569,74,3,0
BRDA:569,74,4,0
BRDA:590,75,0,0
BRDA:590,75,1,0
BRDA:614,76,0,0
BRDA:614,76,1,0
BRDA:625,77,0,5
BRDA:625,77,1,0
BRDA:632,78,0,1
BRDA:632,78,1,0
BRF:147
BRH:73
end_of_record
TN:
SF:src\tools.ts
FN:4,createToolDefinitions
FNF:1
FNH:1
FNDA:1,createToolDefinitions
DA:4,8
DA:5,1
DA:450,8
DA:476,8
DA:485,8
DA:493,8
LF:6
LH:6
BRF:0
BRH:0
end_of_record
TN:
SF:src\evals\evals.ts
FN:10,(anonymous_0)
FN:19,(anonymous_1)
FN:28,(anonymous_2)
FN:37,(anonymous_3)
FNF:4
FNH:0
FNDA:0,(anonymous_0)
FNDA:0,(anonymous_1)
FNDA:0,(anonymous_2)
FNDA:0,(anonymous_3)
DA:7,0
DA:11,0
DA:12,0
DA:16,0
DA:20,0
DA:21,0
DA:25,0
DA:29,0
DA:30,0
DA:34,0
DA:38,0
DA:39,0
DA:43,0
DA:50,0
LF:14
LH:0
BRF:0
BRH:0
end_of_record
TN:
SF:src\tools\index.ts
FNF:0
FNH:0
DA:6,0
DA:22,0
LF:2
LH:0
BRF:0
BRH:0
end_of_record
TN:
SF:src\tools\api\base.ts
FN:11,(anonymous_0)
FN:25,(anonymous_1)
FN:37,(anonymous_2)
FN:50,(anonymous_3)
FNF:4
FNH:4
FNDA:50,(anonymous_0)
FNDA:12,(anonymous_1)
FNDA:12,(anonymous_2)
FNDA:12,(anonymous_3)
DA:2,8
DA:8,8
DA:12,50
DA:26,12
DA:27,1
DA:29,11
DA:38,12
DA:39,1
DA:41,11
DA:54,12
DA:55,12
DA:57,11
DA:58,11
DA:60,1
LF:14
LH:14
BRDA:26,0,0,1
BRDA:38,1,0,1
BRDA:55,2,0,1
BRF:3
BRH:3
end_of_record
TN:
SF:src\tools\api\requests.ts
FN:11,(anonymous_0)
FN:12,(anonymous_1)
FN:38,(anonymous_2)
FN:39,(anonymous_3)
FN:82,(anonymous_4)
FN:83,(anonymous_5)
FN:121,(anonymous_6)
FN:122,(anonymous_7)
FN:160,(anonymous_8)
FN:161,(anonymous_9)
FNF:10
FNH:10
FNDA:5,(anonymous_0)
FNDA:4,(anonymous_1)
FNDA:4,(anonymous_2)
FNDA:4,(anonymous_3)
FNDA:1,(anonymous_4)
FNDA:1,(anonymous_5)
FNDA:1,(anonymous_6)
FNDA:1,(anonymous_7)
FNDA:1,(anonymous_8)
FNDA:1,(anonymous_9)
DA:1,8
DA:2,8
DA:7,8
DA:12,5
DA:13,4
DA:16,3
DA:17,3
DA:19,0
DA:22,3
DA:34,8
DA:39,4
DA:41,4
DA:43,4
DA:44,4
DA:46,0
DA:50,4
DA:60,4
DA:61,4
DA:63,0
DA:66,4
DA:78,8
DA:83,1
DA:85,1
DA:87,1
DA:88,1
DA:90,0
DA:94,1
DA:99,1
DA:100,1
DA:102,0
DA:105,1
DA:117,8
DA:122,1
DA:124,1
DA:126,1
DA:127,1
DA:129,0
DA:133,1
DA:138,1
DA:139,1
DA:141,0
DA:144,1
DA:156,8
DA:161,1
DA:162,1
DA:165,1
DA:166,1
DA:168,0
DA:171,1
LF:49
LH:41
BRDA:25,0,0,0
BRDA:25,0,1,3
BRDA:41,1,0,4
BRDA:41,2,0,4
BRDA:41,2,1,4
BRDA:41,2,2,4
BRDA:41,2,3,0
BRDA:51,3,0,4
BRDA:51,3,1,0
BRDA:54,4,0,2
BRDA:54,4,1,2
BRDA:55,5,0,4
BRDA:55,5,1,3
BRDA:69,6,0,0
BRDA:69,6,1,4
BRDA:85,7,0,1
BRDA:85,8,0,1
BRDA:85,8,1,1
BRDA:85,8,2,1
BRDA:85,8,3,0
BRDA:108,9,0,0
BRDA:108,9,1,1
BRDA:124,10,0,1
BRDA:124,11,0,1
BRDA:124,11,1,1
BRDA:124,11,2,1
BRDA:124,11,3,0
BRDA:147,12,0,0
BRDA:147,12,1,1
BRDA:174,13,0,0
BRDA:174,13,1,1
BRF:31
BRH:22
end_of_record
TN:
SF:src\tools\browser\base.ts
FN:11,(anonymous_9)
FN:25,(anonymous_10)
FN:37,(anonymous_11)
FN:50,(anonymous_12)
FN:61,(anonymous_13)
FN:84,(anonymous_14)
FNF:6
FNH:4
FNDA:198,(anonymous_9)
FNDA:69,(anonymous_10)
FNDA:69,(anonymous_11)
FNDA:69,(anonymous_12)
FNDA:0,(anonymous_13)
FNDA:0,(anonymous_14)
DA:2,10
DA:8,10
DA:12,198
DA:26,69
DA:27,8
DA:29,61
DA:38,69
DA:39,8
DA:41,61
DA:54,69
DA:55,69
DA:57,61
DA:59,61
DA:61,0
DA:62,0
DA:63,0
DA:67,61
DA:68,0
DA:71,61
DA:73,16
DA:76,16
DA:84,0
DA:85,0
DA:86,0
DA:89,16
LF:25
LH:18
BRDA:26,0,0,8
BRDA:38,1,0,8
BRDA:55,2,0,8
BRDA:59,3,0,0
BRDA:59,4,0,61
BRDA:59,4,1,61
BRDA:67,5,0,0
BRDA:76,6,0,0
BRDA:77,7,0,16
BRDA:77,7,1,16
BRDA:77,7,2,16
BRDA:77,7,3,16
BRDA:77,7,4,16
BRF:13
BRH:10
end_of_record
TN:
SF:src\tools\browser\console.ts
FN:7,(anonymous_0)
FN:15,(anonymous_1)
FN:23,(anonymous_2)
FN:31,(anonymous_3)
FN:36,(anonymous_4)
FN:63,(anonymous_5)
FN:70,(anonymous_6)
FNF:7
FNH:6
FNDA:7,(anonymous_0)
FNDA:25,(anonymous_1)
FNDA:5,(anonymous_2)
FNDA:3,(anonymous_3)
FNDA:3,(anonymous_4)
FNDA:7,(anonymous_5)
FNDA:0,(anonymous_6)
DA:1,8
DA:2,8
DA:7,8
DA:8,7
DA:16,25
DA:17,25
DA:27,5
DA:30,5
DA:31,3
DA:35,5
DA:36,3
DA:40,5
DA:41,1
DA:45,5
DA:46,1
DA:50,5
DA:51,1
DA:53,4
DA:64,7
DA:71,0
LF:20
LH:19
BRDA:30,0,0,1
BRDA:30,1,0,5
BRDA:30,1,1,1
BRDA:35,2,0,1
BRDA:40,3,0,1
BRDA:40,4,0,5
BRDA:40,4,1,1
BRDA:45,5,0,1
BRDA:50,6,0,1
BRDA:50,6,1,4
BRF:10
BRH:10
end_of_record
TN:
SF:src\tools\browser\index.ts
FNF:0
FNH:0
DA:1,7
DA:2,7
DA:3,7
DA:4,7
DA:5,7
DA:6,7
DA:7,7
LF:7
LH:7
BRF:0
BRH:0
end_of_record
TN:
SF:src\tools\browser\interaction.ts
FN:11,(anonymous_0)
FN:12,(anonymous_1)
FN:25,(anonymous_2)
FN:27,(anonymous_3)
FN:55,(anonymous_4)
FN:56,(anonymous_5)
FN:75,(anonymous_6)
FN:76,(anonymous_7)
FN:95,(anonymous_8)
FN:96,(anonymous_9)
FN:111,(anonymous_10)
FN:112,(anonymous_11)
FN:127,(anonymous_12)
FN:128,(anonymous_13)
FN:143,(anonymous_14)
FN:144,(anonymous_15)
FN:159,(anonymous_16)
FN:160,(anonymous_17)
FN:188,(anonymous_18)
FN:189,(anonymous_19)
FN:223,(anonymous_20)
FN:224,(anonymous_21)
FNF:22
FNH:20
FNDA:4,(anonymous_0)
FNDA:3,(anonymous_1)
FNDA:4,(anonymous_2)
FNDA:3,(anonymous_3)
FNDA:1,(anonymous_4)
FNDA:1,(anonymous_5)
FNDA:0,(anonymous_6)
FNDA:0,(anonymous_7)
FNDA:1,(anonymous_8)
FNDA:1,(anonymous_9)
FNDA:1,(anonymous_10)
FNDA:1,(anonymous_11)
FNDA:1,(anonymous_12)
FNDA:1,(anonymous_13)
FNDA:1,(anonymous_14)
FNDA:1,(anonymous_15)
FNDA:1,(anonymous_16)
FNDA:1,(anonymous_17)
FNDA:5,(anonymous_18)
FNDA:4,(anonymous_19)
FNDA:5,(anonymous_20)
FNDA:4,(anonymous_21)
DA:1,7
DA:2,7
DA:3,7
DA:7,7
DA:12,4
DA:13,3
DA:14,2
DA:21,7
DA:27,4
DA:29,3
DA:36,1
DA:39,1
DA:43,1
DA:51,7
DA:56,1
DA:57,1
DA:58,1
DA:59,0
DA:62,1
DA:63,1
DA:71,7
DA:76,0
DA:77,0
DA:78,0
DA:79,0
DA:82,0
DA:83,0
DA:91,7
DA:96,1
DA:97,1
DA:98,1
DA:99,1
DA:107,7
DA:112,1
DA:113,1
DA:114,1
DA:115,1
DA:123,7
DA:128,1
DA:129,1
DA:130,1
DA:131,1
DA:139,7
DA:144,1
DA:145,1
DA:146,1
DA:147,1
DA:155,7
DA:160,1
DA:161,1
DA:165,1
DA:166,1
DA:168,0
DA:171,1
DA:184,7
DA:189,5
DA:190,4
DA:191,3
DA:193,3
DA:194,3
DA:196,3
DA:197,1
DA:200,2
DA:204,2
DA:205,1
DA:209,1
DA:211,1
DA:219,7
DA:224,5
DA:225,4
DA:226,2
DA:227,1
DA:230,3
DA:231,2
LF:74
LH:66
BRDA:58,0,0,0
BRDA:78,1,0,0
BRDA:196,2,0,1
BRDA:196,3,0,3
BRDA:196,3,1,2
BRDA:225,4,0,2
BRF:6
BRH:4
end_of_record
TN:
SF:src\tools\browser\navigation.ts
FN:12,(anonymous_0)
FN:29,(anonymous_1)
FN:67,(anonymous_2)
FN:72,(anonymous_3)
FN:100,(anonymous_4)
FN:101,(anonymous_5)
FN:115,(anonymous_6)
FN:116,(anonymous_7)
FNF:8
FNH:6
FNDA:22,(anonymous_0)
FNDA:16,(anonymous_1)
FNDA:0,(anonymous_2)
FNDA:0,(anonymous_3)
FNDA:4,(anonymous_4)
FNDA:3,(anonymous_5)
FNDA:4,(anonymous_6)
FNDA:3,(anonymous_7)
DA:1,7
DA:2,7
DA:3,7
DA:8,7
DA:14,22
DA:16,2
DA:17,2
DA:23,20
DA:24,4
DA:29,16
DA:30,16
DA:31,16
DA:36,14
DA:38,2
DA:41,2
DA:47,0
DA:48,0
DA:54,2
DA:63,7
DA:68,0
DA:69,0
DA:71,0
DA:72,0
DA:73,0
DA:76,0
DA:79,0
DA:83,0
DA:86,0
DA:89,0
DA:96,7
DA:101,4
DA:102,3
DA:103,1
DA:111,7
DA:116,4
DA:117,3
DA:118,1
LF:37
LH:25
BRDA:14,0,0,2
BRDA:14,1,0,22
BRDA:14,1,1,22
BRDA:23,2,0,4
BRDA:23,3,0,20
BRDA:23,3,1,18
BRDA:32,4,0,16
BRDA:32,4,1,16
BRDA:33,5,0,16
BRDA:33,5,1,13
BRDA:41,6,0,0
BRDA:42,7,0,2
BRDA:42,7,1,2
BRDA:42,7,2,2
BRDA:68,8,0,0
BRDA:71,9,0,0
BRDA:71,9,1,0
BRF:17
BRH:13
end_of_record
TN:
SF:src\tools\browser\output.ts
FN:12,(anonymous_9)
FN:13,(anonymous_10)
FNF:2
FNH:2
FNDA:5,(anonymous_9)
FNDA:4,(anonymous_10)
DA:1,8
DA:2,8
DA:3,8
DA:8,8
DA:13,5
DA:14,4
DA:15,4
DA:27,4
DA:28,2
LF:9
LH:9
BRDA:14,0,0,4
BRDA:14,0,1,2
BRDA:16,1,0,4
BRDA:16,1,1,0
BRDA:17,2,0,4
BRDA:17,2,1,3
BRDA:19,3,0,4
BRDA:19,3,1,3
BRF:8
BRH:7
end_of_record
TN:
SF:src\tools\browser\response.ts
FN:25,(anonymous_0)
FN:26,(anonymous_1)
FN:46,(anonymous_2)
FN:47,(anonymous_3)
FNF:4
FNH:0
FNDA:0,(anonymous_0)
FNDA:0,(anonymous_1)
FNDA:0,(anonymous_2)
FNDA:0,(anonymous_3)
DA:2,7
DA:4,7
DA:6,7
DA:21,7
DA:26,0
DA:27,0
DA:28,0
DA:31,0
DA:32,0
DA:34,0
DA:42,7
DA:47,0
DA:48,0
DA:49,0
DA:52,0
DA:53,0
DA:54,0
DA:57,0
DA:58,0
DA:59,0
DA:61,0
DA:62,0
DA:63,0
DA:64,0
DA:68,0
DA:72,0
DA:78,0
DA:80,0
DA:82,0
LF:29
LH:5
BRDA:27,0,0,0
BRDA:27,1,0,0
BRDA:27,1,1,0
BRDA:48,2,0,0
BRDA:53,3,0,0
BRDA:61,4,0,0
BRDA:63,5,0,0
BRF:7
BRH:0
end_of_record
TN:
SF:src\tools\browser\screenshot.ts
FN:13,(anonymous_10)
FN:19,(anonymous_11)
FN:20,(anonymous_12)
FN:74,(anonymous_13)
FNF:4
FNH:4
FNDA:7,(anonymous_10)
FNDA:7,(anonymous_11)
FNDA:6,(anonymous_12)
FNDA:2,(anonymous_13)
DA:1,8
DA:2,8
DA:3,8
DA:5,8
DA:6,8
DA:8,8
DA:13,8
DA:14,7
DA:20,7
DA:21,6
DA:26,6
DA:27,1
DA:28,1
DA:29,0
DA:37,1
DA:41,6
DA:42,6
DA:43,6
DA:45,6
DA:46,0
DA:49,6
DA:50,6
DA:52,6
DA:53,5
DA:55,5
DA:58,5
DA:59,5
DA:60,5
DA:64,5
DA:67,5
DA:75,2
LF:31
LH:29
BRDA:22,0,0,6
BRDA:22,0,1,6
BRDA:26,1,0,1
BRDA:28,2,0,0
BRDA:42,3,0,6
BRDA:42,3,1,0
BRDA:43,4,0,6
BRDA:43,4,1,6
BRDA:45,5,0,0
BRDA:58,6,0,5
BRDA:59,7,0,5
BRDA:59,7,1,0
BRDA:64,8,0,5
BRDA:64,8,1,0
BRF:14
BRH:9
end_of_record
TN:
SF:src\tools\browser\useragent.ts
FN:16,(anonymous_0)
FN:17,(anonymous_1)
FN:23,(anonymous_2)
FNF:3
FNH:0
FNDA:0,(anonymous_0)
FNDA:0,(anonymous_1)
FNDA:0,(anonymous_2)
DA:1,7
DA:3,7
DA:12,7
DA:17,0
DA:18,0
DA:19,0
DA:22,0
DA:23,0
DA:25,0
DA:26,0
DA:31,0
DA:34,0
DA:36,0
LF:13
LH:3
BRDA:18,0,0,0
BRDA:25,1,0,0
BRF:2
BRH:0
end_of_record
TN:
SF:src\tools\browser\visiblePage.ts
FN:12,(anonymous_0)
FN:28,(anonymous_1)
FN:30,(anonymous_2)
FN:35,(anonymous_3)
FN:76,(anonymous_4)
FN:92,(anonymous_5)
FN:107,(anonymous_6)
FN:122,(anonymous_7)
FN:130,(anonymous_8)
FN:136,(anonymous_9)
FN:142,(anonymous_10)
FN:147,(anonymous_11)
FNF:12
FNH:4
FNDA:5,(anonymous_0)
FNDA:2,(anonymous_1)
FNDA:0,(anonymous_2)
FNDA:0,(anonymous_3)
FNDA:10,(anonymous_4)
FNDA:7,(anonymous_5)
FNDA:0,(anonymous_6)
FNDA:0,(anonymous_7)
FNDA:0,(anonymous_8)
FNDA:0,(anonymous_9)
FNDA:0,(anonymous_10)
FNDA:0,(anonymous_11)
DA:1,7
DA:2,7
DA:3,7
DA:8,7
DA:14,5
DA:16,1
DA:17,1
DA:23,4
DA:24,2
DA:28,2
DA:29,2
DA:30,2
DA:31,0
DA:36,0
DA:37,0
DA:43,0
DA:45,0
DA:46,0
DA:47,0
DA:48,0
DA:51,0
DA:54,1
DA:55,1
DA:56,1
DA:57,1
DA:58,0
DA:59,0
DA:61,1
DA:63,1
DA:72,7
DA:78,10
DA:80,1
DA:81,1
DA:87,9
DA:88,2
DA:92,7
DA:93,7
DA:94,7
DA:96,7
DA:101,7
DA:103,1
DA:104,1
DA:105,0
DA:107,1
DA:110,6
DA:114,6
DA:115,6
DA:116,6
DA:117,6
DA:120,6
DA:121,5
DA:124,0
DA:125,0
DA:128,0
DA:129,0
DA:130,0
DA:134,0
DA:135,0
DA:136,0
DA:140,0
DA:141,0
DA:142,0
DA:146,0
DA:147,0
DA:148,0
DA:149,0
DA:150,0
DA:151,0
DA:152,0
DA:153,0
DA:154,0
DA:158,0
DA:162,0
DA:165,0
DA:167,0
DA:170,0
DA:184,6
DA:185,6
DA:186,6
DA:187,0
DA:189,6
DA:191,1
LF:82
LH:44
BRDA:14,0,0,1
BRDA:14,1,0,5
BRDA:14,1,1,5
BRDA:23,2,0,2
BRDA:23,3,0,4
BRDA:23,3,1,3
BRDA:37,4,0,0
BRDA:37,4,1,0
BRDA:37,5,0,0
BRDA:37,5,1,0
BRDA:47,6,0,0
BRDA:54,7,0,0
BRDA:54,7,1,1
BRDA:57,8,0,0
BRDA:78,9,0,1
BRDA:78,10,0,10
BRDA:78,10,1,10
BRDA:87,11,0,2
BRDA:87,12,0,9
BRDA:87,12,1,8
BRDA:96,13,0,1
BRDA:96,13,1,6
BRDA:101,14,0,1
BRDA:101,14,1,6
BRDA:104,15,0,0
BRDA:114,16,0,6
BRDA:114,16,1,1
BRDA:115,17,0,6
BRDA:115,17,1,5
BRDA:116,18,0,6
BRDA:116,18,1,5
BRDA:117,19,0,6
BRDA:117,19,1,5
BRDA:120,20,0,5
BRDA:120,21,0,6
BRDA:120,21,1,1
BRDA:120,21,2,1
BRDA:120,21,3,1
BRDA:120,21,4,1
BRDA:128,22,0,0
BRDA:134,23,0,0
BRDA:140,24,0,0
BRDA:146,25,0,0
BRDA:151,26,0,0
BRDA:151,26,1,0
BRDA:153,27,0,0
BRDA:165,28,0,0
BRDA:184,29,0,0
BRDA:184,29,1,6
BRDA:186,30,0,0
BRF:50
BRH:32
end_of_record
TN:
SF:src\tools\codegen\generator.ts
FN:13,(anonymous_9)
FN:18,(anonymous_10)
FN:30,(anonymous_11)
FN:46,(anonymous_12)
FN:63,(anonymous_13)
FN:91,(anonymous_14)
FN:99,(anonymous_15)
FN:106,(anonymous_16)
FN:113,(anonymous_17)
FN:125,(anonymous_18)
FN:132,(anonymous_19)
FN:141,(anonymous_20)
FN:148,(anonymous_21)
FN:155,(anonymous_22)
FN:162,(anonymous_23)
FN:164,(anonymous_24)
FN:175,(anonymous_25)
FNF:17
FNH:0
FNDA:0,(anonymous_9)
FNDA:0,(anonymous_10)
FNDA:0,(anonymous_11)
FNDA:0,(anonymous_12)
FNDA:0,(anonymous_13)
FNDA:0,(anonymous_14)
FNDA:0,(anonymous_15)
FNDA:0,(anonymous_16)
FNDA:0,(anonymous_17)
FNDA:0,(anonymous_18)
FNDA:0,(anonymous_19)
FNDA:0,(anonymous_20)
FNDA:0,(anonymous_21)
FNDA:0,(anonymous_22)
FNDA:0,(anonymous_23)
FNDA:0,(anonymous_24)
FNDA:0,(anonymous_25)
DA:1,7
DA:4,7
DA:5,7
DA:14,0
DA:15,0
DA:19,0
DA:20,0
DA:22,0
DA:23,0
DA:25,0
DA:26,0
DA:31,0
DA:32,0
DA:35,0
DA:36,0
DA:37,0
DA:39,0
DA:47,0
DA:53,0
DA:54,0
DA:55,0
DA:56,0
DA:60,0
DA:64,0
DA:66,0
DA:68,0
DA:70,0
DA:72,0
DA:74,0
DA:76,0
DA:78,0
DA:80,0
DA:82,0
DA:84,0
DA:86,0
DA:87,0
DA:92,0
DA:93,0
DA:94,0
DA:100,0
DA:101,0
DA:107,0
DA:108,0
DA:114,0
DA:115,0
DA:116,0
DA:117,0
DA:119,0
DA:120,0
DA:126,0
DA:127,0
DA:133,0
DA:134,0
DA:137,0
DA:142,0
DA:143,0
DA:149,0
DA:150,0
DA:156,0
DA:157,0
DA:163,0
DA:164,0
DA:167,0
DA:176,0
DA:177,0
DA:180,0
DA:181,0
DA:182,0
LF:68
LH:3
BRDA:13,0,0,0
BRDA:19,1,0,0
BRDA:19,2,0,0
BRDA:19,2,1,0
BRDA:22,3,0,0
BRDA:22,4,0,0
BRDA:22,4,1,0
BRDA:25,5,0,0
BRDA:25,6,0,0
BRDA:25,6,1,0
BRDA:31,7,0,0
BRDA:31,8,0,0
BRDA:31,8,1,0
BRDA:55,9,0,0
BRDA:66,10,0,0
BRDA:66,10,1,0
BRDA:66,10,2,0
BRDA:66,10,3,0
BRDA:66,10,4,0
BRDA:66,10,5,0
BRDA:66,10,6,0
BRDA:66,10,7,0
BRDA:66,10,8,0
BRDA:66,10,9,0
BRDA:93,11,0,0
BRDA:93,11,1,0
BRDA:114,12,0,0
BRDA:116,13,0,0
BRDA:117,14,0,0
BRDA:119,15,0,0
BRDA:119,15,1,0
BRDA:134,16,0,0
BRDA:134,16,1,0
BRDA:176,17,0,0
BRF:34
BRH:0
end_of_record
TN:
SF:src\tools\codegen\index.ts
FN:15,(anonymous_9)
FN:42,(anonymous_10)
FN:95,(anonymous_11)
FN:173,(anonymous_12)
FN:195,(anonymous_13)
FNF:5
FNH:1
FNDA:7,(anonymous_9)
FNDA:0,(anonymous_10)
FNDA:0,(anonymous_11)
FNDA:0,(anonymous_12)
FNDA:0,(anonymous_13)
DA:2,7
DA:3,7
DA:5,7
DA:6,7
DA:15,7
DA:16,7
DA:19,7
DA:25,7
DA:43,0
DA:45,0
DA:48,0
DA:49,0
DA:53,0
DA:56,0
DA:57,0
DA:59,0
DA:62,0
DA:65,0
DA:66,0
DA:67,0
DA:68,0
DA:71,0
DA:77,0
DA:82,7
DA:96,0
DA:97,0
DA:98,0
DA:100,0
DA:101,0
DA:104,0
DA:105,0
DA:108,0
DA:109,0
DA:112,0
DA:113,0
DA:116,0
DA:117,0
DA:119,0
DA:123,0
DA:124,0
DA:125,0
DA:128,0
DA:130,0
DA:131,0
DA:134,0
DA:136,0
DA:144,0
DA:145,0
DA:146,0
DA:151,0
DA:152,0
DA:155,0
DA:160,7
DA:174,0
DA:175,0
DA:176,0
DA:178,0
DA:182,7
DA:196,0
DA:197,0
DA:198,0
DA:200,0
DA:204,7
LF:63
LH:12
BRDA:42,0,0,0
BRDA:49,1,0,0
BRDA:49,1,1,0
BRDA:67,2,0,0
BRDA:100,3,0,0
BRDA:104,4,0,0
BRDA:124,5,0,0
BRDA:145,6,0,0
BRDA:175,7,0,0
BRDA:197,8,0,0
BRF:10
BRH:0
end_of_record
TN:
SF:src\tools\codegen\recorder.ts
FN:9,(anonymous_0)
FN:14,(anonymous_1)
FN:21,(anonymous_2)
FN:32,(anonymous_3)
FN:44,(anonymous_4)
FN:64,(anonymous_5)
FN:68,(anonymous_6)
FN:72,(anonymous_7)
FNF:8
FNH:3
FNDA:1,(anonymous_0)
FNDA:24,(anonymous_1)
FNDA:0,(anonymous_2)
FNDA:0,(anonymous_3)
FNDA:0,(anonymous_4)
FNDA:0,(anonymous_5)
FNDA:24,(anonymous_6)
FNDA:0,(anonymous_7)
DA:1,7
DA:4,7
DA:10,1
DA:11,1
DA:15,24
DA:16,1
DA:18,24
DA:22,0
DA:23,0
DA:28,0
DA:29,0
DA:33,0
DA:34,0
DA:35,0
DA:36,0
DA:37,0
DA:39,0
DA:41,0
DA:45,0
DA:46,0
DA:49,0
DA:50,0
DA:51,0
DA:54,0
DA:61,0
DA:65,0
DA:69,24
DA:73,0
DA:74,0
DA:76,0
LF:30
LH:8
BRDA:15,0,0,1
BRDA:34,1,0,0
BRDA:36,2,0,0
BRDA:45,3,0,0
BRDA:50,4,0,0
BRDA:65,5,0,0
BRDA:65,5,1,0
BRDA:69,6,0,0
BRDA:69,6,1,24
BRDA:73,7,0,0
BRF:10
BRH:2
end_of_record
TN:
SF:src\tools\common\types.ts
FN:24,createErrorResponse
FN:34,createSuccessResponse
FN:37,(anonymous_2)
FNF:3
FNH:3
FNDA:41,createErrorResponse
FNDA:57,createSuccessResponse
FNDA:94,(anonymous_2)
DA:24,11
DA:25,41
DA:34,11
DA:35,57
DA:36,57
DA:37,94
LF:6
LH:6
BRDA:35,0,0,20
BRDA:35,0,1,37
BRF:2
BRH:2
end_of_record
